2025-12-22 00:37:48 - EIOPA_Monitor - INFO - ================================================================================
2025-12-22 00:37:48 - EIOPA_Monitor - INFO - DÉMARRAGE DU MONITORING MENSUEL EIOPA
2025-12-22 00:37:48 - EIOPA_Monitor - INFO - ================================================================================
2025-12-22 00:37:48 - EIOPA_Monitor - INFO - 
[Étape 1/4] Téléchargement des données EIOPA...
2025-12-22 00:37:48 - EIOPA_Monitor - INFO - Recherche du dernier fichier disponible...
2025-12-22 00:37:48 - EIOPA_Monitor - INFO - Récupération de la liste des fichiers depuis https://www.eiopa.europa.eu/tools-and-data/risk-free-interest-rate-term-structures_en
2025-12-22 00:37:49 - EIOPA_Monitor - INFO - 38 fichiers RFR trouvés
2025-12-22 00:37:49 - EIOPA_Monitor - INFO - Dernier fichier disponible: EIOPA_RFR_20251130.zip (2025-11-30)
2025-12-22 00:37:49 - EIOPA_Monitor - INFO - Téléchargement de EIOPA_RFR_20251130.zip...
2025-12-22 00:37:49 - EIOPA_Monitor - INFO - Téléchargement réussi: /Users/slimsaanouni/Desktop/Streamlit/EIOPA_RFR/config/data/raw/EIOPA_RFR_20251130.zip
2025-12-22 00:37:49 - EIOPA_Monitor - INFO - ✅ Fichier téléchargé : EIOPA_RFR_20251130.zip
2025-12-22 00:37:49 - EIOPA_Monitor - INFO - 
[Étape 2/4] Extraction et traitement des données...
2025-12-22 00:37:49 - EIOPA_Monitor - INFO - Traitement du fichier: EIOPA_RFR_20251130.zip
2025-12-22 00:37:49 - EIOPA_Monitor - INFO - Fichier Excel trouvé: EIOPA_RFR_20251130_Term_Structures.xlsx
2025-12-22 00:37:49 - EIOPA_Monitor - INFO - Fichier Excel extrait: /Users/slimsaanouni/Desktop/Streamlit/EIOPA_RFR/config/data/processed/EIOPA_RFR_20251130_EIOPA_RFR_20251130_Term_Structures.xlsx
2025-12-22 00:37:49 - EIOPA_Monitor - INFO - Excel lu avec succès: 158 lignes, 42 colonnes (onglet: RFR_spot_no_VA)
2025-12-22 00:37:49 - EIOPA_Monitor - INFO - Colonne trouvée pour FR: France
2025-12-22 00:37:49 - EIOPA_Monitor - INFO - Traitement terminé: 5 taux extraits
2025-12-22 00:37:49 - EIOPA_Monitor - INFO - ✅ Données extraites pour FR - 2025-11-30
2025-12-22 00:37:49 - EIOPA_Monitor - INFO -    - 5 taux extraits
2025-12-22 00:37:49 - EIOPA_Monitor - INFO -    - VA : Non disponible
2025-12-22 00:37:49 - EIOPA_Monitor - INFO - 
[Étape 3/4] Analyse et comparaison...
2025-12-22 00:37:49 - EIOPA_Monitor - INFO - Aucun historique existant, création d'un nouveau fichier
2025-12-22 00:37:49 - EIOPA_Monitor - INFO - Historique sauvegardé: /Users/slimsaanouni/Desktop/Streamlit/EIOPA_RFR/config/data/historical.csv
2025-12-22 00:37:49 - EIOPA_Monitor - INFO - Donnée ajoutée pour 2025-11-30
2025-12-22 00:37:49 - EIOPA_Monitor - INFO - Analyse pour FR - 2025-11-30
2025-12-22 00:37:49 - EIOPA_Monitor - WARNING - Pas de données pour le mois précédent de 2025-11-30
2025-12-22 00:37:49 - EIOPA_Monitor - WARNING - Pas de données YTD pour 2025
2025-12-22 00:37:49 - EIOPA_Monitor - INFO - ✅ Analyse complétée
2025-12-22 00:37:49 - EIOPA_Monitor - INFO - 
[Étape 4/4] Génération des rapports...
2025-12-22 00:37:49 - EIOPA_Monitor - INFO - Rapport sauvegardé : /Users/slimsaanouni/Desktop/Streamlit/EIOPA_RFR/config/data/latest_report.txt
2025-12-22 00:37:49 - EIOPA_Monitor - INFO - ✅ Rapport texte : /Users/slimsaanouni/Desktop/Streamlit/EIOPA_RFR/config/data/latest_report.txt
2025-12-22 00:37:49 - EIOPA_Monitor - INFO - Rapport CSV sauvegardé : /Users/slimsaanouni/Desktop/Streamlit/EIOPA_RFR/config/data/latest_report.csv
2025-12-22 00:37:49 - EIOPA_Monitor - INFO - ✅ Rapport CSV : /Users/slimsaanouni/Desktop/Streamlit/EIOPA_RFR/config/data/latest_report.csv
2025-12-22 00:37:49 - EIOPA_Monitor - INFO - Rapport Excel sauvegardé : /Users/slimsaanouni/Desktop/Streamlit/EIOPA_RFR/config/data/latest_report.xlsx
2025-12-22 00:37:49 - EIOPA_Monitor - INFO - ✅ Rapport Excel : /Users/slimsaanouni/Desktop/Streamlit/EIOPA_RFR/config/data/latest_report.xlsx
2025-12-22 00:37:49 - EIOPA_Monitor - INFO - 
================================================================================
2025-12-22 00:37:49 - EIOPA_Monitor - INFO - RAPPORT MENSUEL
2025-12-22 00:37:49 - EIOPA_Monitor - INFO - ================================================================================

2025-12-22 00:37:49 - EIOPA_Monitor - INFO - 
================================================================================
2025-12-22 00:37:49 - EIOPA_Monitor - INFO - ✅ TRAITEMENT TERMINÉ AVEC SUCCÈS
2025-12-22 00:37:49 - EIOPA_Monitor - INFO - ================================================================================
